Started GET "/" for ::1 at 2022-11-08 11:27:25 +0000
  
ActiveRecord::ConnectionNotEstablished (connection to server on socket "/var/run/postgresql/.s.PGSQL.5432" failed: No such file or directory
	Is the server running locally and accepting connections on that socket?
):
  
activerecord (6.1.7) lib/active_record/connection_adapters/postgresql_adapter.rb:83:in `rescue in new_client'
activerecord (6.1.7) lib/active_record/connection_adapters/postgresql_adapter.rb:77:in `new_client'
activerecord (6.1.7) lib/active_record/connection_adapters/postgresql_adapter.rb:37:in `postgresql_connection'
activerecord (6.1.7) lib/active_record/connection_adapters/abstract/connection_pool.rb:882:in `public_send'
activerecord (6.1.7) lib/active_record/connection_adapters/abstract/connection_pool.rb:882:in `new_connection'
activerecord (6.1.7) lib/active_record/connection_adapters/abstract/connection_pool.rb:926:in `checkout_new_connection'
activerecord (6.1.7) lib/active_record/connection_adapters/abstract/connection_pool.rb:905:in `try_to_checkout_new_connection'
activerecord (6.1.7) lib/active_record/connection_adapters/abstract/connection_pool.rb:866:in `acquire_connection'
activerecord (6.1.7) lib/active_record/connection_adapters/abstract/connection_pool.rb:588:in `checkout'
activerecord (6.1.7) lib/active_record/connection_adapters/abstract/connection_pool.rb:428:in `connection'
activerecord (6.1.7) lib/active_record/connection_adapters/abstract/connection_pool.rb:1128:in `retrieve_connection'
activerecord (6.1.7) lib/active_record/connection_handling.rb:327:in `retrieve_connection'
activerecord (6.1.7) lib/active_record/connection_handling.rb:283:in `connection'
activerecord (6.1.7) lib/active_record/migration.rb:611:in `connection'
activerecord (6.1.7) lib/active_record/migration.rb:606:in `build_watcher'
activerecord (6.1.7) lib/active_record/migration.rb:588:in `block in call'
activerecord (6.1.7) lib/active_record/migration.rb:587:in `synchronize'
activerecord (6.1.7) lib/active_record/migration.rb:587:in `call'
actionpack (6.1.7) lib/action_dispatch/middleware/callbacks.rb:27:in `block in call'
activesupport (6.1.7) lib/active_support/callbacks.rb:98:in `run_callbacks'
actionpack (6.1.7) lib/action_dispatch/middleware/callbacks.rb:26:in `call'
actionpack (6.1.7) lib/action_dispatch/middleware/executor.rb:14:in `call'
actionpack (6.1.7) lib/action_dispatch/middleware/actionable_exceptions.rb:18:in `call'
actionpack (6.1.7) lib/action_dispatch/middleware/debug_exceptions.rb:29:in `call'
web-console (4.2.0) lib/web_console/middleware.rb:132:in `call_app'
web-console (4.2.0) lib/web_console/middleware.rb:28:in `block in call'
web-console (4.2.0) lib/web_console/middleware.rb:17:in `catch'
web-console (4.2.0) lib/web_console/middleware.rb:17:in `call'
actionpack (6.1.7) lib/action_dispatch/middleware/show_exceptions.rb:33:in `call'
railties (6.1.7) lib/rails/rack/logger.rb:37:in `call_app'
railties (6.1.7) lib/rails/rack/logger.rb:26:in `block in call'
activesupport (6.1.7) lib/active_support/tagged_logging.rb:99:in `block in tagged'
activesupport (6.1.7) lib/active_support/tagged_logging.rb:37:in `tagged'
activesupport (6.1.7) lib/active_support/tagged_logging.rb:99:in `tagged'
railties (6.1.7) lib/rails/rack/logger.rb:26:in `call'
sprockets-rails (3.4.2) lib/sprockets/rails/quiet_assets.rb:13:in `call'
actionpack (6.1.7) lib/action_dispatch/middleware/remote_ip.rb:81:in `call'
request_store (1.5.1) lib/request_store/middleware.rb:19:in `call'
actionpack (6.1.7) lib/action_dispatch/middleware/request_id.rb:26:in `call'
rack (2.2.4) lib/rack/method_override.rb:24:in `call'
rack (2.2.4) lib/rack/runtime.rb:22:in `call'
activesupport (6.1.7) lib/active_support/cache/strategy/local_cache_middleware.rb:29:in `call'
actionpack (6.1.7) lib/action_dispatch/middleware/executor.rb:14:in `call'
actionpack (6.1.7) lib/action_dispatch/middleware/static.rb:24:in `call'
rack (2.2.4) lib/rack/sendfile.rb:110:in `call'
actionpack (6.1.7) lib/action_dispatch/middleware/host_authorization.rb:148:in `call'
rack-mini-profiler (2.3.4) lib/mini_profiler/profiler.rb:393:in `call'
webpacker (5.4.3) lib/webpacker/dev_server_proxy.rb:25:in `perform_request'
rack-proxy (0.7.4) lib/rack/proxy.rb:78:in `call'
railties (6.1.7) lib/rails/engine.rb:539:in `call'
puma (5.6.5) lib/puma/configuration.rb:252:in `call'
puma (5.6.5) lib/puma/request.rb:77:in `block in handle_request'
puma (5.6.5) lib/puma/thread_pool.rb:340:in `with_force_shutdown'
puma (5.6.5) lib/puma/request.rb:76:in `handle_request'
puma (5.6.5) lib/puma/server.rb:443:in `process_client'
puma (5.6.5) lib/puma/thread_pool.rb:147:in `block in spawn_thread'
Started GET "/" for ::1 at 2022-11-08 11:27:47 +0000
  
ActiveRecord::ConnectionNotEstablished (connection to server on socket "/var/run/postgresql/.s.PGSQL.5432" failed: No such file or directory
	Is the server running locally and accepting connections on that socket?
):
  
activerecord (6.1.7) lib/active_record/connection_adapters/postgresql_adapter.rb:83:in `rescue in new_client'
activerecord (6.1.7) lib/active_record/connection_adapters/postgresql_adapter.rb:77:in `new_client'
activerecord (6.1.7) lib/active_record/connection_adapters/postgresql_adapter.rb:37:in `postgresql_connection'
activerecord (6.1.7) lib/active_record/connection_adapters/abstract/connection_pool.rb:882:in `public_send'
activerecord (6.1.7) lib/active_record/connection_adapters/abstract/connection_pool.rb:882:in `new_connection'
activerecord (6.1.7) lib/active_record/connection_adapters/abstract/connection_pool.rb:926:in `checkout_new_connection'
activerecord (6.1.7) lib/active_record/connection_adapters/abstract/connection_pool.rb:905:in `try_to_checkout_new_connection'
activerecord (6.1.7) lib/active_record/connection_adapters/abstract/connection_pool.rb:866:in `acquire_connection'
activerecord (6.1.7) lib/active_record/connection_adapters/abstract/connection_pool.rb:588:in `checkout'
activerecord (6.1.7) lib/active_record/connection_adapters/abstract/connection_pool.rb:428:in `connection'
activerecord (6.1.7) lib/active_record/connection_adapters/abstract/connection_pool.rb:1128:in `retrieve_connection'
activerecord (6.1.7) lib/active_record/connection_handling.rb:327:in `retrieve_connection'
activerecord (6.1.7) lib/active_record/connection_handling.rb:283:in `connection'
activerecord (6.1.7) lib/active_record/migration.rb:611:in `connection'
activerecord (6.1.7) lib/active_record/migration.rb:606:in `build_watcher'
activerecord (6.1.7) lib/active_record/migration.rb:588:in `block in call'
activerecord (6.1.7) lib/active_record/migration.rb:587:in `synchronize'
activerecord (6.1.7) lib/active_record/migration.rb:587:in `call'
actionpack (6.1.7) lib/action_dispatch/middleware/callbacks.rb:27:in `block in call'
activesupport (6.1.7) lib/active_support/callbacks.rb:98:in `run_callbacks'
actionpack (6.1.7) lib/action_dispatch/middleware/callbacks.rb:26:in `call'
actionpack (6.1.7) lib/action_dispatch/middleware/executor.rb:14:in `call'
actionpack (6.1.7) lib/action_dispatch/middleware/actionable_exceptions.rb:18:in `call'
actionpack (6.1.7) lib/action_dispatch/middleware/debug_exceptions.rb:29:in `call'
web-console (4.2.0) lib/web_console/middleware.rb:132:in `call_app'
web-console (4.2.0) lib/web_console/middleware.rb:28:in `block in call'
web-console (4.2.0) lib/web_console/middleware.rb:17:in `catch'
web-console (4.2.0) lib/web_console/middleware.rb:17:in `call'
actionpack (6.1.7) lib/action_dispatch/middleware/show_exceptions.rb:33:in `call'
railties (6.1.7) lib/rails/rack/logger.rb:37:in `call_app'
railties (6.1.7) lib/rails/rack/logger.rb:26:in `block in call'
activesupport (6.1.7) lib/active_support/tagged_logging.rb:99:in `block in tagged'
activesupport (6.1.7) lib/active_support/tagged_logging.rb:37:in `tagged'
activesupport (6.1.7) lib/active_support/tagged_logging.rb:99:in `tagged'
railties (6.1.7) lib/rails/rack/logger.rb:26:in `call'
sprockets-rails (3.4.2) lib/sprockets/rails/quiet_assets.rb:13:in `call'
actionpack (6.1.7) lib/action_dispatch/middleware/remote_ip.rb:81:in `call'
request_store (1.5.1) lib/request_store/middleware.rb:19:in `call'
actionpack (6.1.7) lib/action_dispatch/middleware/request_id.rb:26:in `call'
rack (2.2.4) lib/rack/method_override.rb:24:in `call'
rack (2.2.4) lib/rack/runtime.rb:22:in `call'
activesupport (6.1.7) lib/active_support/cache/strategy/local_cache_middleware.rb:29:in `call'
actionpack (6.1.7) lib/action_dispatch/middleware/executor.rb:14:in `call'
actionpack (6.1.7) lib/action_dispatch/middleware/static.rb:24:in `call'
rack (2.2.4) lib/rack/sendfile.rb:110:in `call'
actionpack (6.1.7) lib/action_dispatch/middleware/host_authorization.rb:148:in `call'
rack-mini-profiler (2.3.4) lib/mini_profiler/profiler.rb:393:in `call'
webpacker (5.4.3) lib/webpacker/dev_server_proxy.rb:25:in `perform_request'
rack-proxy (0.7.4) lib/rack/proxy.rb:78:in `call'
railties (6.1.7) lib/rails/engine.rb:539:in `call'
puma (5.6.5) lib/puma/configuration.rb:252:in `call'
puma (5.6.5) lib/puma/request.rb:77:in `block in handle_request'
puma (5.6.5) lib/puma/thread_pool.rb:340:in `with_force_shutdown'
puma (5.6.5) lib/puma/request.rb:76:in `handle_request'
puma (5.6.5) lib/puma/server.rb:443:in `process_client'
puma (5.6.5) lib/puma/thread_pool.rb:147:in `block in spawn_thread'
Started GET "/" for ::1 at 2022-11-08 11:28:16 +0000
  
ActiveRecord::ConnectionNotEstablished (connection to server on socket "/var/run/postgresql/.s.PGSQL.5432" failed: No such file or directory
	Is the server running locally and accepting connections on that socket?
):
  
activerecord (6.1.7) lib/active_record/connection_adapters/postgresql_adapter.rb:83:in `rescue in new_client'
activerecord (6.1.7) lib/active_record/connection_adapters/postgresql_adapter.rb:77:in `new_client'
activerecord (6.1.7) lib/active_record/connection_adapters/postgresql_adapter.rb:37:in `postgresql_connection'
activerecord (6.1.7) lib/active_record/connection_adapters/abstract/connection_pool.rb:882:in `public_send'
activerecord (6.1.7) lib/active_record/connection_adapters/abstract/connection_pool.rb:882:in `new_connection'
activerecord (6.1.7) lib/active_record/connection_adapters/abstract/connection_pool.rb:926:in `checkout_new_connection'
activerecord (6.1.7) lib/active_record/connection_adapters/abstract/connection_pool.rb:905:in `try_to_checkout_new_connection'
activerecord (6.1.7) lib/active_record/connection_adapters/abstract/connection_pool.rb:866:in `acquire_connection'
activerecord (6.1.7) lib/active_record/connection_adapters/abstract/connection_pool.rb:588:in `checkout'
activerecord (6.1.7) lib/active_record/connection_adapters/abstract/connection_pool.rb:428:in `connection'
activerecord (6.1.7) lib/active_record/connection_adapters/abstract/connection_pool.rb:1128:in `retrieve_connection'
activerecord (6.1.7) lib/active_record/connection_handling.rb:327:in `retrieve_connection'
activerecord (6.1.7) lib/active_record/connection_handling.rb:283:in `connection'
activerecord (6.1.7) lib/active_record/migration.rb:611:in `connection'
activerecord (6.1.7) lib/active_record/migration.rb:606:in `build_watcher'
activerecord (6.1.7) lib/active_record/migration.rb:588:in `block in call'
activerecord (6.1.7) lib/active_record/migration.rb:587:in `synchronize'
activerecord (6.1.7) lib/active_record/migration.rb:587:in `call'
actionpack (6.1.7) lib/action_dispatch/middleware/callbacks.rb:27:in `block in call'
activesupport (6.1.7) lib/active_support/callbacks.rb:98:in `run_callbacks'
actionpack (6.1.7) lib/action_dispatch/middleware/callbacks.rb:26:in `call'
actionpack (6.1.7) lib/action_dispatch/middleware/executor.rb:14:in `call'
actionpack (6.1.7) lib/action_dispatch/middleware/actionable_exceptions.rb:18:in `call'
actionpack (6.1.7) lib/action_dispatch/middleware/debug_exceptions.rb:29:in `call'
web-console (4.2.0) lib/web_console/middleware.rb:132:in `call_app'
web-console (4.2.0) lib/web_console/middleware.rb:28:in `block in call'
web-console (4.2.0) lib/web_console/middleware.rb:17:in `catch'
web-console (4.2.0) lib/web_console/middleware.rb:17:in `call'
actionpack (6.1.7) lib/action_dispatch/middleware/show_exceptions.rb:33:in `call'
railties (6.1.7) lib/rails/rack/logger.rb:37:in `call_app'
railties (6.1.7) lib/rails/rack/logger.rb:26:in `block in call'
activesupport (6.1.7) lib/active_support/tagged_logging.rb:99:in `block in tagged'
activesupport (6.1.7) lib/active_support/tagged_logging.rb:37:in `tagged'
activesupport (6.1.7) lib/active_support/tagged_logging.rb:99:in `tagged'
railties (6.1.7) lib/rails/rack/logger.rb:26:in `call'
sprockets-rails (3.4.2) lib/sprockets/rails/quiet_assets.rb:13:in `call'
actionpack (6.1.7) lib/action_dispatch/middleware/remote_ip.rb:81:in `call'
request_store (1.5.1) lib/request_store/middleware.rb:19:in `call'
actionpack (6.1.7) lib/action_dispatch/middleware/request_id.rb:26:in `call'
rack (2.2.4) lib/rack/method_override.rb:24:in `call'
rack (2.2.4) lib/rack/runtime.rb:22:in `call'
activesupport (6.1.7) lib/active_support/cache/strategy/local_cache_middleware.rb:29:in `call'
actionpack (6.1.7) lib/action_dispatch/middleware/executor.rb:14:in `call'
actionpack (6.1.7) lib/action_dispatch/middleware/static.rb:24:in `call'
rack (2.2.4) lib/rack/sendfile.rb:110:in `call'
actionpack (6.1.7) lib/action_dispatch/middleware/host_authorization.rb:148:in `call'
rack-mini-profiler (2.3.4) lib/mini_profiler/profiler.rb:393:in `call'
webpacker (5.4.3) lib/webpacker/dev_server_proxy.rb:25:in `perform_request'
rack-proxy (0.7.4) lib/rack/proxy.rb:78:in `call'
railties (6.1.7) lib/rails/engine.rb:539:in `call'
puma (5.6.5) lib/puma/configuration.rb:252:in `call'
puma (5.6.5) lib/puma/request.rb:77:in `block in handle_request'
puma (5.6.5) lib/puma/thread_pool.rb:340:in `with_force_shutdown'
puma (5.6.5) lib/puma/request.rb:76:in `handle_request'
puma (5.6.5) lib/puma/server.rb:443:in `process_client'
puma (5.6.5) lib/puma/thread_pool.rb:147:in `block in spawn_thread'
Started GET "/" for ::1 at 2022-11-08 11:28:52 +0000
  [1m[35m (2.7ms)[0m  [1m[34mSELECT "schema_migrations"."version" FROM "schema_migrations" ORDER BY "schema_migrations"."version" ASC[0m
Processing by WelcomeController#landing as HTML
  Rendering layout layouts/application.html.erb
  Rendering welcome/landing.html.erb within layouts/application
[Webpacker] Compiling...
[Webpacker] Compilation failed:
node:internal/crypto/hash:71
  this[kHandle] = new _Hash(algorithm, xofLen);
                  ^

Error: error:0308010C:digital envelope routines::unsupported
    at new Hash (node:internal/crypto/hash:71:19)
    at Object.createHash (node:crypto:133:10)
    at module.exports (/home/pia/projects/ruckus_deploy/ruckus/node_modules/webpack/lib/util/createHash.js:135:53)
    at NormalModule._initBuildHash (/home/pia/projects/ruckus_deploy/ruckus/node_modules/webpack/lib/NormalModule.js:417:16)
    at handleParseError (/home/pia/projects/ruckus_deploy/ruckus/node_modules/webpack/lib/NormalModule.js:471:10)
    at /home/pia/projects/ruckus_deploy/ruckus/node_modules/webpack/lib/NormalModule.js:503:5
    at /home/pia/projects/ruckus_deploy/ruckus/node_modules/webpack/lib/NormalModule.js:358:12
    at /home/pia/projects/ruckus_deploy/ruckus/node_modules/loader-runner/lib/LoaderRunner.js:373:3
    at iterateNormalLoaders (/home/pia/projects/ruckus_deploy/ruckus/node_modules/loader-runner/lib/LoaderRunner.js:214:10)
    at iterateNormalLoaders (/home/pia/projects/ruckus_deploy/ruckus/node_modules/loader-runner/lib/LoaderRunner.js:221:10)
    at /home/pia/projects/ruckus_deploy/ruckus/node_modules/loader-runner/lib/LoaderRunner.js:236:3
    at context.callback (/home/pia/projects/ruckus_deploy/ruckus/node_modules/loader-runner/lib/LoaderRunner.js:111:13)
    at /home/pia/projects/ruckus_deploy/ruckus/node_modules/babel-loader/lib/index.js:59:71 {
  opensslErrorStack: [ 'error:03000086:digital envelope routines::initialization error' ],
  library: 'digital envelope routines',
  reason: 'unsupported',
  code: 'ERR_OSSL_EVP_UNSUPPORTED'
}

Node.js v18.12.0

  Rendered welcome/landing.html.erb within layouts/application (Duration: 4951.2ms | Allocations: 3943)
  Rendered layout layouts/application.html.erb (Duration: 4951.6ms | Allocations: 4012)
Completed 500 Internal Server Error in 4984ms (ActiveRecord: 8.6ms | Allocations: 11313)


  
ActionView::Template::Error (Webpacker can't find welcome.js in /home/pia/projects/ruckus_deploy/ruckus/public/packs/manifest.json. Possible causes:
1. You want to set webpacker.yml value of compile to true for your environment
   unless you are using the `webpack -w` or the webpack-dev-server.
2. webpack has not yet re-run to reflect updates.
3. You have misconfigured Webpacker's config/webpacker.yml file.
4. Your webpack configuration is not creating a manifest.
Your manifest contains:
{
}
):
    1: <%= javascript_pack_tag 'welcome' =%>
    2: <div class="container-fluid g-0" id="welcome_page">
    3: <!-- Button trigger modal -->
    4: 
  
app/views/welcome/landing.html.erb:1
Started GET "/" for ::1 at 2022-11-08 11:29:10 +0000
Processing by WelcomeController#landing as HTML
  Rendering layout layouts/application.html.erb
  Rendering welcome/landing.html.erb within layouts/application
[Webpacker] Compiling...
[Webpacker] Compilation failed:
node:internal/crypto/hash:71
  this[kHandle] = new _Hash(algorithm, xofLen);
                  ^

Error: error:0308010C:digital envelope routines::unsupported
    at new Hash (node:internal/crypto/hash:71:19)
    at Object.createHash (node:crypto:133:10)
    at module.exports (/home/pia/projects/ruckus_deploy/ruckus/node_modules/webpack/lib/util/createHash.js:135:53)
    at NormalModule._initBuildHash (/home/pia/projects/ruckus_deploy/ruckus/node_modules/webpack/lib/NormalModule.js:417:16)
    at handleParseError (/home/pia/projects/ruckus_deploy/ruckus/node_modules/webpack/lib/NormalModule.js:471:10)
    at /home/pia/projects/ruckus_deploy/ruckus/node_modules/webpack/lib/NormalModule.js:503:5
    at /home/pia/projects/ruckus_deploy/ruckus/node_modules/webpack/lib/NormalModule.js:358:12
    at /home/pia/projects/ruckus_deploy/ruckus/node_modules/loader-runner/lib/LoaderRunner.js:373:3
    at iterateNormalLoaders (/home/pia/projects/ruckus_deploy/ruckus/node_modules/loader-runner/lib/LoaderRunner.js:214:10)
    at iterateNormalLoaders (/home/pia/projects/ruckus_deploy/ruckus/node_modules/loader-runner/lib/LoaderRunner.js:221:10)
    at /home/pia/projects/ruckus_deploy/ruckus/node_modules/loader-runner/lib/LoaderRunner.js:236:3
    at context.callback (/home/pia/projects/ruckus_deploy/ruckus/node_modules/loader-runner/lib/LoaderRunner.js:111:13)
    at /home/pia/projects/ruckus_deploy/ruckus/node_modules/babel-loader/lib/index.js:59:71 {
  opensslErrorStack: [ 'error:03000086:digital envelope routines::initialization error' ],
  library: 'digital envelope routines',
  reason: 'unsupported',
  code: 'ERR_OSSL_EVP_UNSUPPORTED'
}

Node.js v18.12.0

  Rendered welcome/landing.html.erb within layouts/application (Duration: 2069.8ms | Allocations: 3670)
  Rendered layout layouts/application.html.erb (Duration: 2070.3ms | Allocations: 3736)
Completed 500 Internal Server Error in 2072ms (ActiveRecord: 0.0ms | Allocations: 4174)


  
ActionView::Template::Error (Webpacker can't find welcome.js in /home/pia/projects/ruckus_deploy/ruckus/public/packs/manifest.json. Possible causes:
1. You want to set webpacker.yml value of compile to true for your environment
   unless you are using the `webpack -w` or the webpack-dev-server.
2. webpack has not yet re-run to reflect updates.
3. You have misconfigured Webpacker's config/webpacker.yml file.
4. Your webpack configuration is not creating a manifest.
Your manifest contains:
{
}
):
    1: <%= javascript_pack_tag 'welcome' =%>
    2: <div class="container-fluid g-0" id="welcome_page">
    3: <!-- Button trigger modal -->
    4: 
  
app/views/welcome/landing.html.erb:1
Started GET "/" for ::1 at 2022-11-08 11:30:50 +0000
Processing by WelcomeController#landing as HTML
  Rendering layout layouts/application.html.erb
  Rendering welcome/landing.html.erb within layouts/application
  Rendered welcome/landing.html.erb within layouts/application (Duration: 1.3ms | Allocations: 1271)
  Rendered layout layouts/application.html.erb (Duration: 1.7ms | Allocations: 1336)
Completed 500 Internal Server Error in 3ms (ActiveRecord: 0.0ms | Allocations: 1665)


  
ActionView::Template::Error (Webpacker can't find welcome.js in /home/pia/projects/ruckus_deploy/ruckus/public/packs/manifest.json. Possible causes:
1. You want to set webpacker.yml value of compile to true for your environment
   unless you are using the `webpack -w` or the webpack-dev-server.
2. webpack has not yet re-run to reflect updates.
3. You have misconfigured Webpacker's config/webpacker.yml file.
4. Your webpack configuration is not creating a manifest.
Your manifest contains:
{
}
):
    1: <%= javascript_pack_tag 'welcome' =%>
    2: <div class="container-fluid g-0" id="welcome_page">
    3: <!-- Button trigger modal -->
    4: 
  
app/views/welcome/landing.html.erb:1
Started GET "/" for ::1 at 2022-11-08 11:45:58 +0000
Processing by WelcomeController#landing as HTML
  Rendering layout layouts/application.html.erb
  Rendering welcome/landing.html.erb within layouts/application
[Webpacker] Compiling...
[Webpacker] Compilation failed:
node:internal/crypto/hash:71
  this[kHandle] = new _Hash(algorithm, xofLen);
                  ^

Error: error:0308010C:digital envelope routines::unsupported
    at new Hash (node:internal/crypto/hash:71:19)
    at Object.createHash (node:crypto:133:10)
    at module.exports (/home/pia/projects/ruckus_deploy/ruckus/node_modules/webpack/lib/util/createHash.js:135:53)
    at NormalModule._initBuildHash (/home/pia/projects/ruckus_deploy/ruckus/node_modules/webpack/lib/NormalModule.js:417:16)
    at handleParseError (/home/pia/projects/ruckus_deploy/ruckus/node_modules/webpack/lib/NormalModule.js:471:10)
    at /home/pia/projects/ruckus_deploy/ruckus/node_modules/webpack/lib/NormalModule.js:503:5
    at /home/pia/projects/ruckus_deploy/ruckus/node_modules/webpack/lib/NormalModule.js:358:12
    at /home/pia/projects/ruckus_deploy/ruckus/node_modules/loader-runner/lib/LoaderRunner.js:373:3
    at iterateNormalLoaders (/home/pia/projects/ruckus_deploy/ruckus/node_modules/loader-runner/lib/LoaderRunner.js:214:10)
    at iterateNormalLoaders (/home/pia/projects/ruckus_deploy/ruckus/node_modules/loader-runner/lib/LoaderRunner.js:221:10)
    at /home/pia/projects/ruckus_deploy/ruckus/node_modules/loader-runner/lib/LoaderRunner.js:236:3
    at context.callback (/home/pia/projects/ruckus_deploy/ruckus/node_modules/loader-runner/lib/LoaderRunner.js:111:13)
    at /home/pia/projects/ruckus_deploy/ruckus/node_modules/babel-loader/lib/index.js:59:71 {
  opensslErrorStack: [ 'error:03000086:digital envelope routines::initialization error' ],
  library: 'digital envelope routines',
  reason: 'unsupported',
  code: 'ERR_OSSL_EVP_UNSUPPORTED'
}

Node.js v18.12.0

  Rendered welcome/landing.html.erb within layouts/application (Duration: 2308.8ms | Allocations: 3655)
  Rendered layout layouts/application.html.erb (Duration: 2309.3ms | Allocations: 3719)
Completed 500 Internal Server Error in 2311ms (Allocations: 4042)


  
ActionView::Template::Error (Webpacker can't find welcome.js in /home/pia/projects/ruckus_deploy/ruckus/public/packs/manifest.json. Possible causes:
1. You want to set webpacker.yml value of compile to true for your environment
   unless you are using the `webpack -w` or the webpack-dev-server.
2. webpack has not yet re-run to reflect updates.
3. You have misconfigured Webpacker's config/webpacker.yml file.
4. Your webpack configuration is not creating a manifest.
Your manifest contains:
{
}
):
    1: <%= javascript_pack_tag 'welcome' =%>
    2: <div class="container-fluid g-0" id="welcome_page">
    3: <!-- Button trigger modal -->
    4: 
  
app/views/welcome/landing.html.erb:1
Started GET "/" for ::1 at 2022-11-17 12:01:14 +0000
  
ActiveRecord::ConnectionNotEstablished (connection to server on socket "/var/run/postgresql/.s.PGSQL.5432" failed: No such file or directory
	Is the server running locally and accepting connections on that socket?
):
  
activerecord (6.1.7) lib/active_record/connection_adapters/postgresql_adapter.rb:83:in `rescue in new_client'
activerecord (6.1.7) lib/active_record/connection_adapters/postgresql_adapter.rb:77:in `new_client'
activerecord (6.1.7) lib/active_record/connection_adapters/postgresql_adapter.rb:37:in `postgresql_connection'
activerecord (6.1.7) lib/active_record/connection_adapters/abstract/connection_pool.rb:882:in `public_send'
activerecord (6.1.7) lib/active_record/connection_adapters/abstract/connection_pool.rb:882:in `new_connection'
activerecord (6.1.7) lib/active_record/connection_adapters/abstract/connection_pool.rb:926:in `checkout_new_connection'
activerecord (6.1.7) lib/active_record/connection_adapters/abstract/connection_pool.rb:905:in `try_to_checkout_new_connection'
activerecord (6.1.7) lib/active_record/connection_adapters/abstract/connection_pool.rb:866:in `acquire_connection'
activerecord (6.1.7) lib/active_record/connection_adapters/abstract/connection_pool.rb:588:in `checkout'
activerecord (6.1.7) lib/active_record/connection_adapters/abstract/connection_pool.rb:428:in `connection'
activerecord (6.1.7) lib/active_record/connection_adapters/abstract/connection_pool.rb:1128:in `retrieve_connection'
activerecord (6.1.7) lib/active_record/connection_handling.rb:327:in `retrieve_connection'
activerecord (6.1.7) lib/active_record/connection_handling.rb:283:in `connection'
activerecord (6.1.7) lib/active_record/migration.rb:611:in `connection'
activerecord (6.1.7) lib/active_record/migration.rb:606:in `build_watcher'
activerecord (6.1.7) lib/active_record/migration.rb:588:in `block in call'
activerecord (6.1.7) lib/active_record/migration.rb:587:in `synchronize'
activerecord (6.1.7) lib/active_record/migration.rb:587:in `call'
actionpack (6.1.7) lib/action_dispatch/middleware/callbacks.rb:27:in `block in call'
activesupport (6.1.7) lib/active_support/callbacks.rb:98:in `run_callbacks'
actionpack (6.1.7) lib/action_dispatch/middleware/callbacks.rb:26:in `call'
actionpack (6.1.7) lib/action_dispatch/middleware/executor.rb:14:in `call'
actionpack (6.1.7) lib/action_dispatch/middleware/actionable_exceptions.rb:18:in `call'
actionpack (6.1.7) lib/action_dispatch/middleware/debug_exceptions.rb:29:in `call'
web-console (4.2.0) lib/web_console/middleware.rb:132:in `call_app'
web-console (4.2.0) lib/web_console/middleware.rb:28:in `block in call'
web-console (4.2.0) lib/web_console/middleware.rb:17:in `catch'
web-console (4.2.0) lib/web_console/middleware.rb:17:in `call'
actionpack (6.1.7) lib/action_dispatch/middleware/show_exceptions.rb:33:in `call'
railties (6.1.7) lib/rails/rack/logger.rb:37:in `call_app'
railties (6.1.7) lib/rails/rack/logger.rb:26:in `block in call'
activesupport (6.1.7) lib/active_support/tagged_logging.rb:99:in `block in tagged'
activesupport (6.1.7) lib/active_support/tagged_logging.rb:37:in `tagged'
activesupport (6.1.7) lib/active_support/tagged_logging.rb:99:in `tagged'
railties (6.1.7) lib/rails/rack/logger.rb:26:in `call'
sprockets-rails (3.4.2) lib/sprockets/rails/quiet_assets.rb:13:in `call'
actionpack (6.1.7) lib/action_dispatch/middleware/remote_ip.rb:81:in `call'
request_store (1.5.1) lib/request_store/middleware.rb:19:in `call'
actionpack (6.1.7) lib/action_dispatch/middleware/request_id.rb:26:in `call'
rack (2.2.4) lib/rack/method_override.rb:24:in `call'
rack (2.2.4) lib/rack/runtime.rb:22:in `call'
activesupport (6.1.7) lib/active_support/cache/strategy/local_cache_middleware.rb:29:in `call'
actionpack (6.1.7) lib/action_dispatch/middleware/executor.rb:14:in `call'
actionpack (6.1.7) lib/action_dispatch/middleware/static.rb:24:in `call'
rack (2.2.4) lib/rack/sendfile.rb:110:in `call'
actionpack (6.1.7) lib/action_dispatch/middleware/host_authorization.rb:148:in `call'
rack-mini-profiler (2.3.4) lib/mini_profiler/profiler.rb:393:in `call'
webpacker (5.4.3) lib/webpacker/dev_server_proxy.rb:25:in `perform_request'
rack-proxy (0.7.4) lib/rack/proxy.rb:78:in `call'
railties (6.1.7) lib/rails/engine.rb:539:in `call'
puma (5.6.5) lib/puma/configuration.rb:252:in `call'
puma (5.6.5) lib/puma/request.rb:77:in `block in handle_request'
puma (5.6.5) lib/puma/thread_pool.rb:340:in `with_force_shutdown'
puma (5.6.5) lib/puma/request.rb:76:in `handle_request'
puma (5.6.5) lib/puma/server.rb:443:in `process_client'
puma (5.6.5) lib/puma/thread_pool.rb:147:in `block in spawn_thread'
Started GET "/" for ::1 at 2022-11-17 12:01:58 +0000
  [1m[35m (11.9ms)[0m  [1m[34mSELECT "schema_migrations"."version" FROM "schema_migrations" ORDER BY "schema_migrations"."version" ASC[0m
Processing by WelcomeController#landing as HTML
  Rendering layout layouts/application.html.erb
  Rendering welcome/landing.html.erb within layouts/application
[Webpacker] Compiling...
[Webpacker] Compilation failed:
node:internal/crypto/hash:71
  this[kHandle] = new _Hash(algorithm, xofLen);
                  ^

Error: error:0308010C:digital envelope routines::unsupported
    at new Hash (node:internal/crypto/hash:71:19)
    at Object.createHash (node:crypto:133:10)
    at module.exports (/home/pia/projects/ruckus_deploy/ruckus/node_modules/webpack/lib/util/createHash.js:135:53)
    at NormalModule._initBuildHash (/home/pia/projects/ruckus_deploy/ruckus/node_modules/webpack/lib/NormalModule.js:417:16)
    at handleParseError (/home/pia/projects/ruckus_deploy/ruckus/node_modules/webpack/lib/NormalModule.js:471:10)
    at /home/pia/projects/ruckus_deploy/ruckus/node_modules/webpack/lib/NormalModule.js:503:5
    at /home/pia/projects/ruckus_deploy/ruckus/node_modules/webpack/lib/NormalModule.js:358:12
    at /home/pia/projects/ruckus_deploy/ruckus/node_modules/loader-runner/lib/LoaderRunner.js:373:3
    at iterateNormalLoaders (/home/pia/projects/ruckus_deploy/ruckus/node_modules/loader-runner/lib/LoaderRunner.js:214:10)
    at iterateNormalLoaders (/home/pia/projects/ruckus_deploy/ruckus/node_modules/loader-runner/lib/LoaderRunner.js:221:10)
    at /home/pia/projects/ruckus_deploy/ruckus/node_modules/loader-runner/lib/LoaderRunner.js:236:3
    at context.callback (/home/pia/projects/ruckus_deploy/ruckus/node_modules/loader-runner/lib/LoaderRunner.js:111:13)
    at /home/pia/projects/ruckus_deploy/ruckus/node_modules/babel-loader/lib/index.js:59:71 {
  opensslErrorStack: [ 'error:03000086:digital envelope routines::initialization error' ],
  library: 'digital envelope routines',
  reason: 'unsupported',
  code: 'ERR_OSSL_EVP_UNSUPPORTED'
}

Node.js v18.12.0

  Rendered welcome/landing.html.erb within layouts/application (Duration: 3966.8ms | Allocations: 4476)
  Rendered layout layouts/application.html.erb (Duration: 3967.4ms | Allocations: 4545)
Completed 500 Internal Server Error in 4035ms (ActiveRecord: 13.1ms | Allocations: 11402)


  
ActionView::Template::Error (Webpacker can't find welcome.js in /home/pia/projects/ruckus_deploy/ruckus/public/packs/manifest.json. Possible causes:
1. You want to set webpacker.yml value of compile to true for your environment
   unless you are using the `webpack -w` or the webpack-dev-server.
2. webpack has not yet re-run to reflect updates.
3. You have misconfigured Webpacker's config/webpacker.yml file.
4. Your webpack configuration is not creating a manifest.
Your manifest contains:
{
}
):
    1: <%= javascript_pack_tag 'welcome' =%>
    2: <div class="container-fluid g-0" id="welcome_page">
    3: <!-- Button trigger modal -->
    4: 
  
app/views/welcome/landing.html.erb:1
Started GET "/" for ::1 at 2022-11-17 12:31:28 +0000
  [1m[35m (0.5ms)[0m  [1m[34mSELECT sqlite_version(*)[0m
  [1m[35m (9.4ms)[0m  [1m[35mCREATE TABLE "schema_migrations" ("version" varchar NOT NULL PRIMARY KEY)[0m
  [1m[35m (7.8ms)[0m  [1m[35mCREATE TABLE "ar_internal_metadata" ("key" varchar NOT NULL PRIMARY KEY, "value" varchar, "created_at" datetime(6) NOT NULL, "updated_at" datetime(6) NOT NULL)[0m
  [1m[35m (0.2ms)[0m  [1m[34mSELECT "schema_migrations"."version" FROM "schema_migrations" ORDER BY "schema_migrations"."version" ASC[0m
  
ActiveRecord::PendingMigrationError (

Migrations are pending. To resolve this issue, run:

        bin/rails db:migrate RAILS_ENV=development

You have 8 pending migrations:

20221011134847_devise_create_users.rb
20221011135021_add_name_to_users.rb
20221011141013_create_products.rb
20221011150515_add_fields_to_product.rb
20221011163927_add_admin_to_user.rb
20221012105743_create_active_storage_tables.active_storage.rb
20221013230729_create_subscribers.rb
20221014000818_add_role_to_user.rb


):
  
activerecord (6.1.7) lib/active_record/migration.rb:625:in `check_pending!'
activerecord (6.1.7) lib/active_record/migration.rb:590:in `block (2 levels) in call'
activesupport (6.1.7) lib/active_support/evented_file_update_checker.rb:59:in `execute'
activerecord (6.1.7) lib/active_record/migration.rb:595:in `block in call'
activerecord (6.1.7) lib/active_record/migration.rb:587:in `synchronize'
activerecord (6.1.7) lib/active_record/migration.rb:587:in `call'
actionpack (6.1.7) lib/action_dispatch/middleware/callbacks.rb:27:in `block in call'
activesupport (6.1.7) lib/active_support/callbacks.rb:98:in `run_callbacks'
actionpack (6.1.7) lib/action_dispatch/middleware/callbacks.rb:26:in `call'
actionpack (6.1.7) lib/action_dispatch/middleware/executor.rb:14:in `call'
actionpack (6.1.7) lib/action_dispatch/middleware/actionable_exceptions.rb:18:in `call'
actionpack (6.1.7) lib/action_dispatch/middleware/debug_exceptions.rb:29:in `call'
web-console (4.2.0) lib/web_console/middleware.rb:132:in `call_app'
web-console (4.2.0) lib/web_console/middleware.rb:28:in `block in call'
web-console (4.2.0) lib/web_console/middleware.rb:17:in `catch'
web-console (4.2.0) lib/web_console/middleware.rb:17:in `call'
actionpack (6.1.7) lib/action_dispatch/middleware/show_exceptions.rb:33:in `call'
railties (6.1.7) lib/rails/rack/logger.rb:37:in `call_app'
railties (6.1.7) lib/rails/rack/logger.rb:26:in `block in call'
activesupport (6.1.7) lib/active_support/tagged_logging.rb:99:in `block in tagged'
activesupport (6.1.7) lib/active_support/tagged_logging.rb:37:in `tagged'
activesupport (6.1.7) lib/active_support/tagged_logging.rb:99:in `tagged'
railties (6.1.7) lib/rails/rack/logger.rb:26:in `call'
sprockets-rails (3.4.2) lib/sprockets/rails/quiet_assets.rb:13:in `call'
actionpack (6.1.7) lib/action_dispatch/middleware/remote_ip.rb:81:in `call'
request_store (1.5.1) lib/request_store/middleware.rb:19:in `call'
actionpack (6.1.7) lib/action_dispatch/middleware/request_id.rb:26:in `call'
rack (2.2.4) lib/rack/method_override.rb:24:in `call'
rack (2.2.4) lib/rack/runtime.rb:22:in `call'
activesupport (6.1.7) lib/active_support/cache/strategy/local_cache_middleware.rb:29:in `call'
actionpack (6.1.7) lib/action_dispatch/middleware/executor.rb:14:in `call'
actionpack (6.1.7) lib/action_dispatch/middleware/static.rb:24:in `call'
rack (2.2.4) lib/rack/sendfile.rb:110:in `call'
actionpack (6.1.7) lib/action_dispatch/middleware/host_authorization.rb:148:in `call'
rack-mini-profiler (2.3.4) lib/mini_profiler/profiler.rb:393:in `call'
webpacker (5.4.3) lib/webpacker/dev_server_proxy.rb:25:in `perform_request'
rack-proxy (0.7.4) lib/rack/proxy.rb:78:in `call'
railties (6.1.7) lib/rails/engine.rb:539:in `call'
puma (5.6.5) lib/puma/configuration.rb:252:in `call'
puma (5.6.5) lib/puma/request.rb:77:in `block in handle_request'
puma (5.6.5) lib/puma/thread_pool.rb:340:in `with_force_shutdown'
puma (5.6.5) lib/puma/request.rb:76:in `handle_request'
puma (5.6.5) lib/puma/server.rb:443:in `process_client'
puma (5.6.5) lib/puma/thread_pool.rb:147:in `block in spawn_thread'
Started POST "/rails/actions" for ::1 at 2022-11-17 12:31:30 +0000
  [1m[35m (0.1ms)[0m  [1m[34mSELECT "schema_migrations"."version" FROM "schema_migrations" ORDER BY "schema_migrations"."version" ASC[0m
Migrating to DeviseCreateUsers (20221011134847)
  [1m[36mTRANSACTION (0.1ms)[0m  [1m[36mbegin transaction[0m
  [1m[35m (0.7ms)[0m  [1m[35mCREATE TABLE "users" ("id" integer PRIMARY KEY AUTOINCREMENT NOT NULL, "email" varchar DEFAULT '' NOT NULL, "encrypted_password" varchar DEFAULT '' NOT NULL, "reset_password_token" varchar, "reset_password_sent_at" datetime, "remember_created_at" datetime, "created_at" datetime(6) NOT NULL, "updated_at" datetime(6) NOT NULL)[0m
  [1m[35m (0.3ms)[0m  [1m[35mCREATE UNIQUE INDEX "index_users_on_email" ON "users" ("email")[0m
  [1m[35m (3.6ms)[0m  [1m[35mCREATE UNIQUE INDEX "index_users_on_reset_password_token" ON "users" ("reset_password_token")[0m
  [1m[36mActiveRecord::SchemaMigration Create (0.4ms)[0m  [1m[32mINSERT INTO "schema_migrations" ("version") VALUES (?)[0m  [["version", "20221011134847"]]
  [1m[36mTRANSACTION (13.0ms)[0m  [1m[36mcommit transaction[0m
Migrating to AddNameToUsers (20221011135021)
  [1m[36mTRANSACTION (0.1ms)[0m  [1m[36mbegin transaction[0m
  [1m[35m (1.0ms)[0m  [1m[35mALTER TABLE "users" ADD "name" varchar[0m
  [1m[35m (0.4ms)[0m  [1m[35mALTER TABLE "users" ADD "surname" varchar[0m
  [1m[36mActiveRecord::SchemaMigration Create (0.4ms)[0m  [1m[32mINSERT INTO "schema_migrations" ("version") VALUES (?)[0m  [["version", "20221011135021"]]
  [1m[36mTRANSACTION (10.3ms)[0m  [1m[36mcommit transaction[0m
Migrating to CreateProducts (20221011141013)
  [1m[36mTRANSACTION (0.1ms)[0m  [1m[36mbegin transaction[0m
  [1m[35m (0.5ms)[0m  [1m[35mCREATE TABLE "products" ("id" integer PRIMARY KEY AUTOINCREMENT NOT NULL, "created_at" datetime(6) NOT NULL, "updated_at" datetime(6) NOT NULL)[0m
  [1m[36mActiveRecord::SchemaMigration Create (0.3ms)[0m  [1m[32mINSERT INTO "schema_migrations" ("version") VALUES (?)[0m  [["version", "20221011141013"]]
  [1m[36mTRANSACTION (9.4ms)[0m  [1m[36mcommit transaction[0m
Migrating to AddFieldsToProduct (20221011150515)
  [1m[36mTRANSACTION (0.1ms)[0m  [1m[36mbegin transaction[0m
  [1m[35m (0.9ms)[0m  [1m[35mALTER TABLE "products" ADD "name" varchar[0m
  [1m[35m (0.6ms)[0m  [1m[35mALTER TABLE "products" ADD "brand" varchar[0m
  [1m[35m (0.5ms)[0m  [1m[35mALTER TABLE "products" ADD "size" varchar[0m
  [1m[35m (0.3ms)[0m  [1m[35mALTER TABLE "products" ADD "description" varchar[0m
  [1m[35m (0.7ms)[0m  [1m[35mALTER TABLE "products" ADD "price" double[0m
  [1m[35m (0.5ms)[0m  [1m[35mALTER TABLE "products" ADD "color" varchar[0m
  [1m[36mActiveRecord::SchemaMigration Create (0.4ms)[0m  [1m[32mINSERT INTO "schema_migrations" ("version") VALUES (?)[0m  [["version", "20221011150515"]]
  [1m[36mTRANSACTION (7.4ms)[0m  [1m[36mcommit transaction[0m
Migrating to AddAdminToUser (20221011163927)
  [1m[36mTRANSACTION (0.1ms)[0m  [1m[36mbegin transaction[0m
  [1m[35m (1.7ms)[0m  [1m[35mALTER TABLE "users" ADD "admin" bool[0m
  [1m[36mActiveRecord::SchemaMigration Create (0.4ms)[0m  [1m[32mINSERT INTO "schema_migrations" ("version") VALUES (?)[0m  [["version", "20221011163927"]]
  [1m[36mTRANSACTION (5.5ms)[0m  [1m[36mcommit transaction[0m
Migrating to CreateActiveStorageTables (20221012105743)
  [1m[36mTRANSACTION (0.1ms)[0m  [1m[36mbegin transaction[0m
  [1m[35m (0.6ms)[0m  [1m[35mCREATE TABLE "active_storage_blobs" ("id" integer PRIMARY KEY AUTOINCREMENT NOT NULL, "key" varchar NOT NULL, "filename" varchar NOT NULL, "content_type" varchar, "metadata" text, "service_name" varchar NOT NULL, "byte_size" bigint NOT NULL, "checksum" varchar NOT NULL, "created_at" datetime NOT NULL)[0m
  [1m[35m (0.2ms)[0m  [1m[35mCREATE UNIQUE INDEX "index_active_storage_blobs_on_key" ON "active_storage_blobs" ("key")[0m
  [1m[35m (0.3ms)[0m  [1m[35mCREATE TABLE "active_storage_attachments" ("id" integer PRIMARY KEY AUTOINCREMENT NOT NULL, "name" varchar NOT NULL, "record_type" varchar NOT NULL, "record_id" bigint NOT NULL, "blob_id" bigint NOT NULL, "created_at" datetime NOT NULL, CONSTRAINT "fk_rails_c3b3935057"
FOREIGN KEY ("blob_id")
  REFERENCES "active_storage_blobs" ("id")
)[0m
  [1m[35m (0.2ms)[0m  [1m[35mCREATE INDEX "index_active_storage_attachments_on_blob_id" ON "active_storage_attachments" ("blob_id")[0m
  [1m[35m (0.2ms)[0m  [1m[35mCREATE UNIQUE INDEX "index_active_storage_attachments_uniqueness" ON "active_storage_attachments" ("record_type", "record_id", "name", "blob_id")[0m
  [1m[35m (0.4ms)[0m  [1m[35mCREATE TABLE "active_storage_variant_records" ("id" integer PRIMARY KEY AUTOINCREMENT NOT NULL, "blob_id" bigint NOT NULL, "variation_digest" varchar NOT NULL, CONSTRAINT "fk_rails_993965df05"
FOREIGN KEY ("blob_id")
  REFERENCES "active_storage_blobs" ("id")
)[0m
  [1m[35m (0.6ms)[0m  [1m[35mCREATE UNIQUE INDEX "index_active_storage_variant_records_uniqueness" ON "active_storage_variant_records" ("blob_id", "variation_digest")[0m
  [1m[36mActiveRecord::SchemaMigration Create (0.4ms)[0m  [1m[32mINSERT INTO "schema_migrations" ("version") VALUES (?)[0m  [["version", "20221012105743"]]
  [1m[36mTRANSACTION (9.3ms)[0m  [1m[36mcommit transaction[0m
Migrating to CreateSubscribers (20221013230729)
  [1m[36mTRANSACTION (0.1ms)[0m  [1m[36mbegin transaction[0m
  [1m[35m (0.5ms)[0m  [1m[35mCREATE TABLE "subscribers" ("id" integer PRIMARY KEY AUTOINCREMENT NOT NULL, "name" varchar, "email" varchar, "source" varchar, "created_at" datetime(6) NOT NULL, "updated_at" datetime(6) NOT NULL)[0m
  [1m[36mActiveRecord::SchemaMigration Create (0.3ms)[0m  [1m[32mINSERT INTO "schema_migrations" ("version") VALUES (?)[0m  [["version", "20221013230729"]]
  [1m[36mTRANSACTION (9.7ms)[0m  [1m[36mcommit transaction[0m
Migrating to AddRoleToUser (20221014000818)
  [1m[36mTRANSACTION (0.1ms)[0m  [1m[36mbegin transaction[0m
  [1m[35m (0.7ms)[0m  [1m[35mALTER TABLE "users" ADD "role" varchar[0m
  [1m[36mActiveRecord::SchemaMigration Create (0.5ms)[0m  [1m[32mINSERT INTO "schema_migrations" ("version") VALUES (?)[0m  [["version", "20221014000818"]]
  [1m[36mTRANSACTION (5.0ms)[0m  [1m[36mcommit transaction[0m
  [1m[36mActiveRecord::InternalMetadata Load (0.2ms)[0m  [1m[34mSELECT "ar_internal_metadata".* FROM "ar_internal_metadata" WHERE "ar_internal_metadata"."key" = ? LIMIT ?[0m  [["key", "environment"], ["LIMIT", 1]]
  [1m[36mTRANSACTION (0.1ms)[0m  [1m[36mbegin transaction[0m
  [1m[36mActiveRecord::InternalMetadata Create (0.4ms)[0m  [1m[32mINSERT INTO "ar_internal_metadata" ("key", "value", "created_at", "updated_at") VALUES (?, ?, ?, ?)[0m  [["key", "environment"], ["value", "development"], ["created_at", "2022-11-17 12:31:30.579014"], ["updated_at", "2022-11-17 12:31:30.579014"]]
  [1m[36mTRANSACTION (7.2ms)[0m  [1m[36mcommit transaction[0m
  [1m[35m (0.1ms)[0m  [1m[34mSELECT "schema_migrations"."version" FROM "schema_migrations" ORDER BY "schema_migrations"."version" ASC[0m
Started GET "/" for ::1 at 2022-11-17 12:31:30 +0000
  [1m[35m (0.1ms)[0m  [1m[34mSELECT "schema_migrations"."version" FROM "schema_migrations" ORDER BY "schema_migrations"."version" ASC[0m
Processing by WelcomeController#landing as HTML
  Rendering layout layouts/application.html.erb
  Rendering welcome/landing.html.erb within layouts/application
  Rendered welcome/_sign_up_modal.html.erb (Duration: 21.9ms | Allocations: 6307)
  Rendered welcome/landing.html.erb within layouts/application (Duration: 9239.1ms | Allocations: 204570)
  Rendered layout layouts/application.html.erb (Duration: 9730.6ms | Allocations: 289686)
Completed 200 OK in 9748ms (Views: 9734.5ms | ActiveRecord: 0.5ms | Allocations: 294972)


Started GET "/about" for ::1 at 2022-11-17 12:31:55 +0000
Processing by WelcomeController#about as HTML
  [1m[35m (0.1ms)[0m  [1m[34mSELECT sqlite_version(*)[0m
  ↳ app/controllers/welcome_controller.rb:7:in `about'
  Rendering layout layouts/application.html.erb
  Rendering welcome/about.html.erb within layouts/application
  Rendered welcome/about.html.erb within layouts/application (Duration: 5.8ms | Allocations: 3796)
  Rendered layouts/_footer.html.erb (Duration: 2.0ms | Allocations: 1278)
  Rendered layout layouts/application.html.erb (Duration: 19.3ms | Allocations: 12406)
Completed 200 OK in 33ms (Views: 20.3ms | ActiveRecord: 2.1ms | Allocations: 16840)


Started GET "/about" for ::1 at 2022-11-17 12:32:12 +0000
Processing by WelcomeController#about as HTML
  Rendering layout layouts/application.html.erb
  Rendering welcome/about.html.erb within layouts/application
  Rendered welcome/about.html.erb within layouts/application (Duration: 18.4ms | Allocations: 3335)
  Rendered layouts/_footer.html.erb (Duration: 3.7ms | Allocations: 974)
  Rendered layout layouts/application.html.erb (Duration: 44.1ms | Allocations: 11511)
Completed 200 OK in 55ms (Views: 53.2ms | ActiveRecord: 0.0ms | Allocations: 11918)


Started GET "/faq" for ::1 at 2022-11-17 12:32:17 +0000
Processing by WelcomeController#faq as HTML
  Rendering layout layouts/application.html.erb
  Rendering welcome/faq.html.erb within layouts/application
  Rendered welcome/faq.html.erb within layouts/application (Duration: 5.9ms | Allocations: 1092)
  Rendered layouts/_footer.html.erb (Duration: 1.4ms | Allocations: 973)
  Rendered layout layouts/application.html.erb (Duration: 25.0ms | Allocations: 9368)
Completed 200 OK in 29ms (Views: 27.4ms | ActiveRecord: 0.0ms | Allocations: 9910)


Started GET "/" for ::1 at 2022-11-17 12:32:28 +0000
Processing by WelcomeController#landing as HTML
  Rendering layout layouts/application.html.erb
  Rendering welcome/landing.html.erb within layouts/application
  Rendered welcome/_sign_up_modal.html.erb (Duration: 2.9ms | Allocations: 1029)
  Rendered welcome/landing.html.erb within layouts/application (Duration: 10.3ms | Allocations: 4484)
  Rendered layout layouts/application.html.erb (Duration: 19.6ms | Allocations: 11586)
Completed 200 OK in 21ms (Views: 20.4ms | ActiveRecord: 0.0ms | Allocations: 11986)


